#-----------------------------------------------------------
# Vivado v2018.2 (64-bit)
# SW Build 2258646 on Thu Jun 14 20:03:12 MDT 2018
# IP Build 2256618 on Thu Jun 14 22:10:49 MDT 2018
# Start of session at: Fri Jul 26 18:17:14 2019
# Process ID: 10120
# Current directory: D:/xilinx/pynq4cv/video_overlay
# Command line: vivado.exe -gui_launcher_event rodinguilauncherevent5600 D:\xilinx\pynq4cv\video_overlay\video_overlay.xpr
# Log file: D:/xilinx/pynq4cv/video_overlay/vivado.log
# Journal file: D:/xilinx/pynq4cv/video_overlay\vivado.jou
#-----------------------------------------------------------
start_gui
open_project D:/xilinx/pynq4cv/video_overlay/video_overlay.xpr
INFO: [Project 1-313] Project file moved from 'D:/xilinx/pynq4cv/video_overlay_bad' since last save.
Scanning sources...
Finished scanning sources
INFO: [IP_Flow 19-234] Refreshing IP repositories
INFO: [IP_Flow 19-1700] Loaded user IP repository 'd:/xilinx/pynq4cv/video_overlay/ip'.
INFO: [IP_Flow 19-2313] Loaded Vivado IP repository 'C:/Xilinx/Vivado/2018.2/data/ip'.
open_project: Time (s): cpu = 00:00:21 ; elapsed = 00:00:22 . Memory (MB): peak = 922.430 ; gain = 223.875
update_compile_order -fileset sources_1
file copy -force D:/xilinx/pynq4cv/video_overlay/video_overlay.runs/impl_1/system_wrapper.sysdef D:/xilinx/pynq4cv/video_overlay/video_overlay.sdk/system_wrapper.hdf

launch_sdk -workspace D:/xilinx/pynq4cv/video_overlay/video_overlay.sdk -hwspec D:/xilinx/pynq4cv/video_overlay/video_overlay.sdk/system_wrapper.hdf
INFO: [Vivado 12-393] Launching SDK...
INFO: [Vivado 12-417] Running xsdk -workspace D:/xilinx/pynq4cv/video_overlay/video_overlay.sdk -hwspec D:/xilinx/pynq4cv/video_overlay/video_overlay.sdk/system_wrapper.hdf
INFO: [Vivado 12-3157] SDK launch initiated. Please check console for any further messages.
file mkdir D:/xilinx/pynq4cv/video_overlay/video_overlay.sdk
file copy -force D:/xilinx/pynq4cv/video_overlay/video_overlay.runs/impl_1/system_wrapper.sysdef D:/xilinx/pynq4cv/video_overlay/video_overlay.sdk/system_wrapper.hdf

launch_sdk -workspace D:/xilinx/pynq4cv/video_overlay/video_overlay.sdk -hwspec D:/xilinx/pynq4cv/video_overlay/video_overlay.sdk/system_wrapper.hdf
INFO: [Vivado 12-393] Launching SDK...
INFO: [Vivado 12-417] Running xsdk -workspace D:/xilinx/pynq4cv/video_overlay/video_overlay.sdk -hwspec D:/xilinx/pynq4cv/video_overlay/video_overlay.sdk/system_wrapper.hdf
INFO: [Vivado 12-3157] SDK launch initiated. Please check console for any further messages.
file copy -force D:/xilinx/pynq4cv/video_overlay/video_overlay.runs/impl_1/system_wrapper.bit D:/xilinx/pynq4cv/prebuilts/system.bit
open_bd_design {D:/xilinx/pynq4cv/video_overlay/video_overlay.srcs/sources_1/bd/system/system.bd}
Adding cell -- xilinx.com:ip:processing_system7:5.5 - processing_system7_0
Adding cell -- xilinx.com:ip:clk_wiz:6.0 - clk_wiz_0
Adding cell -- xilinx.com:ip:proc_sys_reset:5.0 - rst_clk_wiz_0_150M
Adding cell -- xilinx.com:ip:smartconnect:1.0 - axi_smc
Adding cell -- xilinx.com:ip:axi_vdma:6.3 - axi_vdma_1
Adding cell -- xilinx.com:ip:xlconcat:2.1 - xlconcat_0
Adding cell -- xilinx.com:ip:axi_intc:4.1 - axi_intc_0
Adding cell -- digilentinc.com:ip:axi_dynclk:1.0 - axi_dynclk_0
Adding cell -- digilentinc.com:ip:rgb2dvi:1.2 - rgb2dvi_0
Adding cell -- xilinx.com:ip:v_tc:6.1 - v_tc_0
Adding cell -- xilinx.com:ip:v_axi4s_vid_out:4.0 - v_axi4s_vid_out_0
Adding cell -- xilinx.com:ip:xlconstant:1.1 - xlconstant_0
Adding cell -- xilinx.com:ip:xlconstant:1.1 - xlconstant_1
Adding cell -- xilinx.com:ip:v_vid_in_axi4s:4.0 - v_vid_in_axi4s_0
Adding cell -- xilinx.com:ip:v_demosaic:1.0 - v_demosaic_0
Adding cell -- xilinx.com:ip:axi_vdma:6.3 - axi_vdma_0
WARNING: [BD 41-1731] Type mismatch between connected pins: /clk_wiz_0/locked(undef) and /rst_clk_wiz_0_150M/ext_reset_in(rst)
WARNING: [BD 41-1731] Type mismatch between connected pins: /axi_intc_0/irq(undef) and /processing_system7_0/IRQ_F2P(intr)
WARNING: [BD 41-1731] Type mismatch between connected pins: /axi_dynclk_0/LOCKED_O(undef) and /rgb2dvi_0/aRst_n(rst)
Adding cell -- xilinx.com:hls:inner_ctrl:1.0 - inner_ctrl_0
Adding cell -- xilinx.com:hls:sobel_ip:1.0 - sobel_ip_0
Adding cell -- xilinx.com:ip:axis_subset_converter:1.1 - axis_subset_converter_0
Adding cell -- xilinx.com:ip:axis_subset_converter:1.1 - axis_subset_converter_1
Adding cell -- xilinx.com:ip:axis_subset_converter:1.1 - axis_subset_converter_2
Adding cell -- xilinx.com:ip:axis_subset_converter:1.1 - axis_subset_converter_3
Adding cell -- xilinx.com:ip:axis_subset_converter:1.1 - axis_subset_converter_4
Adding cell -- xilinx.com:hls:resize_ip:1.0 - resize_ip_0
Adding cell -- xilinx.com:module_ref:video_concat:1.0 - video_concat_0
Adding cell -- xilinx.com:module_ref:video_divide:1.0 - video_divide_0
Adding cell -- xilinx.com:ip:axi_crossbar:2.1 - xbar
Adding cell -- xilinx.com:ip:axi_protocol_converter:2.1 - auto_pc
Successfully read diagram <system> from BD file <D:/xilinx/pynq4cv/video_overlay/video_overlay.srcs/sources_1/bd/system/system.bd>
open_bd_design: Time (s): cpu = 00:00:10 ; elapsed = 00:00:10 . Memory (MB): peak = 1083.441 ; gain = 123.680
write_bd_tcl -force D:/xilinx/pynq4cv/video_overlay/system.tcl
INFO: [BD 5-148] Tcl file written out <D:/xilinx/pynq4cv/video_overlay/system.tcl>.

::xilinx.com_ip_axi_interconnect_2.1::pre_propagate
regenerate_bd_layout
reset_project
save_bd_design
Wrote  : <D:/xilinx/pynq4cv/video_overlay/video_overlay.srcs/sources_1/bd/system/ui/bd_c954508f.ui> 
exit
INFO: [Common 17-206] Exiting Vivado at Fri Jul 26 18:47:48 2019...
