18:19:57 INFO  : Registering command handlers for SDK TCF services
18:19:57 INFO  : Launching XSCT server: xsct.bat -interactive D:\xilinx\pynq4cv\video_overlay\video_overlay.sdk\temp_xsdb_launch_script.tcl
18:19:59 INFO  : XSCT server has started successfully.
18:19:59 INFO  : Successfully done setting XSCT server connection channel  
18:20:00 INFO  : Successfully done setting SDK workspace  
18:20:00 INFO  : Processing command line option -hwspec D:/xilinx/pynq4cv/video_overlay/video_overlay.sdk/system_wrapper.hdf.
18:21:57 INFO  : Connected to target on host '127.0.0.1' and port '3121'.
18:21:59 INFO  : 'targets -set -filter {jtag_cable_name =~ "Xilinx TUL 1234-tulA" && level==0} -index 1' command is executed.
18:22:01 INFO  : FPGA configured successfully with bitstream "D:/xilinx/pynq4cv/video_overlay/video_overlay.sdk/system_wrapper_hw_platform_0/system_wrapper.bit"
18:22:17 INFO  : Connected to target on host '127.0.0.1' and port '3121'.
18:22:18 INFO  : 'targets -set -filter {jtag_cable_name =~ "Xilinx TUL 1234-tulA" && level==0} -index 1' command is executed.
18:22:20 INFO  : FPGA configured successfully with bitstream "D:/xilinx/pynq4cv/video_overlay/video_overlay.sdk/system_wrapper_hw_platform_0/system_wrapper.bit"
18:22:44 INFO  : 'targets -set -filter {jtag_cable_name =~ "Xilinx TUL 1234-tulA" && level==0} -index 1' command is executed.
18:22:44 INFO  : 'fpga -state' command is executed.
18:22:44 INFO  : Connected to target on host '127.0.0.1' and port '3121'.
18:22:44 INFO  : Jtag cable 'Xilinx TUL 1234-tulA' is selected.
18:22:44 INFO  : 'jtag frequency' command is executed.
18:22:44 INFO  : Sourcing of 'D:/xilinx/pynq4cv/video_overlay/video_overlay.sdk/system_wrapper_hw_platform_0/ps7_init.tcl' is done.
18:22:44 INFO  : Context for 'APU' is selected.
18:22:44 INFO  : Hardware design information is loaded from 'D:/xilinx/pynq4cv/video_overlay/video_overlay.sdk/system_wrapper_hw_platform_0/system.hdf'.
18:22:44 INFO  : 'configparams force-mem-access 1' command is executed.
18:22:44 INFO  : Context for 'APU' is selected.
18:22:44 INFO  : 'stop' command is executed.
18:22:45 INFO  : 'ps7_init' command is executed.
18:22:45 INFO  : 'ps7_post_config' command is executed.
18:22:45 INFO  : Context for processor 'ps7_cortexa9_0' is selected.
18:22:45 INFO  : Processor reset is completed for 'ps7_cortexa9_0'.
18:22:45 INFO  : Context for processor 'ps7_cortexa9_0' is selected.
18:22:45 INFO  : The application 'D:/xilinx/pynq4cv/video_overlay/video_overlay.sdk/display/Debug/display.elf' is downloaded to processor 'ps7_cortexa9_0'.
18:22:45 INFO  : 'configparams force-mem-access 0' command is executed.
18:22:45 INFO  : ----------------XSDB Script----------------
connect -url tcp:127.0.0.1:3121
source D:/xilinx/pynq4cv/video_overlay/video_overlay.sdk/system_wrapper_hw_platform_0/ps7_init.tcl
targets -set -nocase -filter {name =~"APU*" && jtag_cable_name =~ "Xilinx TUL 1234-tulA"} -index 0
loadhw -hw D:/xilinx/pynq4cv/video_overlay/video_overlay.sdk/system_wrapper_hw_platform_0/system.hdf -mem-ranges [list {0x40000000 0xbfffffff}]
configparams force-mem-access 1
targets -set -nocase -filter {name =~"APU*" && jtag_cable_name =~ "Xilinx TUL 1234-tulA"} -index 0
stop
ps7_init
ps7_post_config
targets -set -nocase -filter {name =~ "ARM*#0" && jtag_cable_name =~ "Xilinx TUL 1234-tulA"} -index 0
rst -processor
targets -set -nocase -filter {name =~ "ARM*#0" && jtag_cable_name =~ "Xilinx TUL 1234-tulA"} -index 0
dow D:/xilinx/pynq4cv/video_overlay/video_overlay.sdk/display/Debug/display.elf
configparams force-mem-access 0
----------------End of Script----------------

18:22:45 INFO  : Memory regions updated for context APU
18:22:45 INFO  : Context for processor 'ps7_cortexa9_0' is selected.
18:22:45 INFO  : 'con' command is executed.
18:22:45 INFO  : ----------------XSDB Script (After Launch)----------------
targets -set -nocase -filter {name =~ "ARM*#0" && jtag_cable_name =~ "Xilinx TUL 1234-tulA"} -index 0
con
----------------End of Script----------------

18:22:45 INFO  : Launch script is exported to file 'D:\xilinx\pynq4cv\video_overlay\video_overlay.sdk\.sdk\launch_scripts\xilinx_c-c++_application_(system_debugger)\system_debugger_using_debug_display.elf_on_local.tcl'
18:23:34 INFO  : Connected to target on host '127.0.0.1' and port '3121'.
18:23:41 INFO  : 'targets -set -filter {jtag_cable_name =~ "Xilinx TUL 1234-tulA" && level==0} -index 1' command is executed.
18:23:43 INFO  : FPGA configured successfully with bitstream "D:/xilinx/pynq4cv/video_overlay/video_overlay.sdk/system_wrapper_hw_platform_0/system_wrapper.bit"
18:23:46 INFO  : Disconnected from the channel tcfchan#1.
18:23:47 INFO  : 'targets -set -filter {jtag_cable_name =~ "Xilinx TUL 1234-tulA" && level==0} -index 1' command is executed.
18:23:47 INFO  : 'fpga -state' command is executed.
18:23:47 INFO  : Connected to target on host '127.0.0.1' and port '3121'.
18:23:47 INFO  : Jtag cable 'Xilinx TUL 1234-tulA' is selected.
18:23:47 INFO  : 'jtag frequency' command is executed.
18:23:47 INFO  : Sourcing of 'D:/xilinx/pynq4cv/video_overlay/video_overlay.sdk/system_wrapper_hw_platform_0/ps7_init.tcl' is done.
18:23:48 INFO  : Context for 'APU' is selected.
18:23:50 INFO  : Hardware design information is loaded from 'D:/xilinx/pynq4cv/video_overlay/video_overlay.sdk/system_wrapper_hw_platform_0/system.hdf'.
18:23:50 INFO  : 'configparams force-mem-access 1' command is executed.
18:23:50 INFO  : Context for 'APU' is selected.
18:23:50 INFO  : 'stop' command is executed.
18:23:50 INFO  : 'ps7_init' command is executed.
18:23:50 INFO  : 'ps7_post_config' command is executed.
18:23:50 INFO  : Context for processor 'ps7_cortexa9_0' is selected.
18:23:50 INFO  : Processor reset is completed for 'ps7_cortexa9_0'.
18:23:50 INFO  : Context for processor 'ps7_cortexa9_0' is selected.
18:23:50 INFO  : The application 'D:/xilinx/pynq4cv/video_overlay/video_overlay.sdk/display/Debug/display.elf' is downloaded to processor 'ps7_cortexa9_0'.
18:23:50 INFO  : 'configparams force-mem-access 0' command is executed.
18:23:50 INFO  : ----------------XSDB Script----------------
connect -url tcp:127.0.0.1:3121
source D:/xilinx/pynq4cv/video_overlay/video_overlay.sdk/system_wrapper_hw_platform_0/ps7_init.tcl
targets -set -nocase -filter {name =~"APU*" && jtag_cable_name =~ "Xilinx TUL 1234-tulA"} -index 0
loadhw -hw D:/xilinx/pynq4cv/video_overlay/video_overlay.sdk/system_wrapper_hw_platform_0/system.hdf -mem-ranges [list {0x40000000 0xbfffffff}]
configparams force-mem-access 1
targets -set -nocase -filter {name =~"APU*" && jtag_cable_name =~ "Xilinx TUL 1234-tulA"} -index 0
stop
ps7_init
ps7_post_config
targets -set -nocase -filter {name =~ "ARM*#0" && jtag_cable_name =~ "Xilinx TUL 1234-tulA"} -index 0
rst -processor
targets -set -nocase -filter {name =~ "ARM*#0" && jtag_cable_name =~ "Xilinx TUL 1234-tulA"} -index 0
dow D:/xilinx/pynq4cv/video_overlay/video_overlay.sdk/display/Debug/display.elf
configparams force-mem-access 0
----------------End of Script----------------

18:23:51 INFO  : Memory regions updated for context APU
18:23:51 INFO  : Context for processor 'ps7_cortexa9_0' is selected.
18:23:51 INFO  : 'con' command is executed.
18:23:51 INFO  : ----------------XSDB Script (After Launch)----------------
targets -set -nocase -filter {name =~ "ARM*#0" && jtag_cable_name =~ "Xilinx TUL 1234-tulA"} -index 0
con
----------------End of Script----------------

18:23:51 INFO  : Launch script is exported to file 'D:\xilinx\pynq4cv\video_overlay\video_overlay.sdk\.sdk\launch_scripts\xilinx_c-c++_application_(system_debugger)\system_debugger_using_debug_display.elf_on_local.tcl'
18:24:43 INFO  : Connected to target on host '127.0.0.1' and port '3121'.
18:24:43 INFO  : 'targets -set -filter {jtag_cable_name =~ "Xilinx TUL 1234-tulA" && level==0} -index 1' command is executed.
18:24:45 INFO  : FPGA configured successfully with bitstream "D:/xilinx/pynq4cv/video_overlay/video_overlay.sdk/system_wrapper_hw_platform_0/system_wrapper.bit"
18:24:59 INFO  : Disconnected from the channel tcfchan#2.
18:25:00 INFO  : 'targets -set -filter {jtag_cable_name =~ "Xilinx TUL 1234-tulA" && level==0} -index 1' command is executed.
18:25:00 INFO  : 'fpga -state' command is executed.
18:25:00 INFO  : Connected to target on host '127.0.0.1' and port '3121'.
18:25:01 INFO  : Jtag cable 'Xilinx TUL 1234-tulA' is selected.
18:25:01 INFO  : 'jtag frequency' command is executed.
18:25:01 INFO  : Sourcing of 'D:/xilinx/pynq4cv/video_overlay/video_overlay.sdk/system_wrapper_hw_platform_0/ps7_init.tcl' is done.
18:25:01 INFO  : Context for 'APU' is selected.
18:25:03 INFO  : Hardware design information is loaded from 'D:/xilinx/pynq4cv/video_overlay/video_overlay.sdk/system_wrapper_hw_platform_0/system.hdf'.
18:25:03 INFO  : 'configparams force-mem-access 1' command is executed.
18:25:03 INFO  : Context for 'APU' is selected.
18:25:03 INFO  : 'stop' command is executed.
18:25:03 INFO  : 'ps7_init' command is executed.
18:25:03 INFO  : 'ps7_post_config' command is executed.
18:25:03 INFO  : Context for processor 'ps7_cortexa9_0' is selected.
18:25:03 INFO  : Processor reset is completed for 'ps7_cortexa9_0'.
18:25:03 INFO  : Context for processor 'ps7_cortexa9_0' is selected.
18:25:03 INFO  : The application 'D:/xilinx/pynq4cv/video_overlay/video_overlay.sdk/display/Debug/display.elf' is downloaded to processor 'ps7_cortexa9_0'.
18:25:03 INFO  : 'configparams force-mem-access 0' command is executed.
18:25:03 INFO  : ----------------XSDB Script----------------
connect -url tcp:127.0.0.1:3121
source D:/xilinx/pynq4cv/video_overlay/video_overlay.sdk/system_wrapper_hw_platform_0/ps7_init.tcl
targets -set -nocase -filter {name =~"APU*" && jtag_cable_name =~ "Xilinx TUL 1234-tulA"} -index 0
loadhw -hw D:/xilinx/pynq4cv/video_overlay/video_overlay.sdk/system_wrapper_hw_platform_0/system.hdf -mem-ranges [list {0x40000000 0xbfffffff}]
configparams force-mem-access 1
targets -set -nocase -filter {name =~"APU*" && jtag_cable_name =~ "Xilinx TUL 1234-tulA"} -index 0
stop
ps7_init
ps7_post_config
targets -set -nocase -filter {name =~ "ARM*#0" && jtag_cable_name =~ "Xilinx TUL 1234-tulA"} -index 0
rst -processor
targets -set -nocase -filter {name =~ "ARM*#0" && jtag_cable_name =~ "Xilinx TUL 1234-tulA"} -index 0
dow D:/xilinx/pynq4cv/video_overlay/video_overlay.sdk/display/Debug/display.elf
configparams force-mem-access 0
----------------End of Script----------------

18:25:04 INFO  : Memory regions updated for context APU
18:25:04 INFO  : Context for processor 'ps7_cortexa9_0' is selected.
18:25:04 INFO  : 'con' command is executed.
18:25:04 INFO  : ----------------XSDB Script (After Launch)----------------
targets -set -nocase -filter {name =~ "ARM*#0" && jtag_cable_name =~ "Xilinx TUL 1234-tulA"} -index 0
con
----------------End of Script----------------

18:25:04 INFO  : Launch script is exported to file 'D:\xilinx\pynq4cv\video_overlay\video_overlay.sdk\.sdk\launch_scripts\xilinx_c-c++_application_(system_debugger)\system_debugger_using_debug_display.elf_on_local.tcl'
18:25:11 INFO  : Connected to target on host '127.0.0.1' and port '3121'.
18:25:14 INFO  : 'targets -set -filter {jtag_cable_name =~ "Xilinx TUL 1234-tulA" && level==0} -index 1' command is executed.
18:25:16 INFO  : FPGA configured successfully with bitstream "D:/xilinx/pynq4cv/video_overlay/video_overlay.sdk/system_wrapper_hw_platform_0/system_wrapper.bit"
18:25:19 INFO  : Disconnected from the channel tcfchan#3.
18:25:20 INFO  : 'targets -set -filter {jtag_cable_name =~ "Xilinx TUL 1234-tulA" && level==0} -index 1' command is executed.
18:25:20 INFO  : 'fpga -state' command is executed.
18:25:20 INFO  : Connected to target on host '127.0.0.1' and port '3121'.
18:25:20 INFO  : Jtag cable 'Xilinx TUL 1234-tulA' is selected.
18:25:20 INFO  : 'jtag frequency' command is executed.
18:25:20 INFO  : Sourcing of 'D:/xilinx/pynq4cv/video_overlay/video_overlay.sdk/system_wrapper_hw_platform_0/ps7_init.tcl' is done.
18:25:20 INFO  : Context for 'APU' is selected.
18:25:22 INFO  : Hardware design information is loaded from 'D:/xilinx/pynq4cv/video_overlay/video_overlay.sdk/system_wrapper_hw_platform_0/system.hdf'.
18:25:22 INFO  : 'configparams force-mem-access 1' command is executed.
18:25:22 INFO  : Context for 'APU' is selected.
18:25:22 INFO  : 'stop' command is executed.
18:25:23 INFO  : 'ps7_init' command is executed.
18:25:23 INFO  : 'ps7_post_config' command is executed.
18:25:23 INFO  : Context for processor 'ps7_cortexa9_0' is selected.
18:25:23 INFO  : Processor reset is completed for 'ps7_cortexa9_0'.
18:25:23 INFO  : Context for processor 'ps7_cortexa9_0' is selected.
18:25:23 INFO  : The application 'D:/xilinx/pynq4cv/video_overlay/video_overlay.sdk/display/Debug/display.elf' is downloaded to processor 'ps7_cortexa9_0'.
18:25:23 INFO  : 'configparams force-mem-access 0' command is executed.
18:25:23 INFO  : ----------------XSDB Script----------------
connect -url tcp:127.0.0.1:3121
source D:/xilinx/pynq4cv/video_overlay/video_overlay.sdk/system_wrapper_hw_platform_0/ps7_init.tcl
targets -set -nocase -filter {name =~"APU*" && jtag_cable_name =~ "Xilinx TUL 1234-tulA"} -index 0
loadhw -hw D:/xilinx/pynq4cv/video_overlay/video_overlay.sdk/system_wrapper_hw_platform_0/system.hdf -mem-ranges [list {0x40000000 0xbfffffff}]
configparams force-mem-access 1
targets -set -nocase -filter {name =~"APU*" && jtag_cable_name =~ "Xilinx TUL 1234-tulA"} -index 0
stop
ps7_init
ps7_post_config
targets -set -nocase -filter {name =~ "ARM*#0" && jtag_cable_name =~ "Xilinx TUL 1234-tulA"} -index 0
rst -processor
targets -set -nocase -filter {name =~ "ARM*#0" && jtag_cable_name =~ "Xilinx TUL 1234-tulA"} -index 0
dow D:/xilinx/pynq4cv/video_overlay/video_overlay.sdk/display/Debug/display.elf
configparams force-mem-access 0
----------------End of Script----------------

18:25:23 INFO  : Memory regions updated for context APU
18:25:23 INFO  : Context for processor 'ps7_cortexa9_0' is selected.
18:25:23 INFO  : 'con' command is executed.
18:25:23 INFO  : ----------------XSDB Script (After Launch)----------------
targets -set -nocase -filter {name =~ "ARM*#0" && jtag_cable_name =~ "Xilinx TUL 1234-tulA"} -index 0
con
----------------End of Script----------------

18:25:23 INFO  : Launch script is exported to file 'D:\xilinx\pynq4cv\video_overlay\video_overlay.sdk\.sdk\launch_scripts\xilinx_c-c++_application_(system_debugger)\system_debugger_using_debug_display.elf_on_local.tcl'
18:32:11 INFO  : Invoking Bootgen: bootgen -image output.bif -arch zynq -o D:\xilinx\pynq4cv\prebuilts\BOOT.bin
18:32:11 INFO  : Creating new bif file D:\xilinx\pynq4cv\prebuilts\output.bif
18:32:12 INFO  : Bootgen command execution is done.
18:32:16 INFO  : Disconnected from the channel tcfchan#4.
